[0216/120514.020470:INFO:policy_logger.cc(144)] :components/policy/core/common/config_dir_policy_loader.cc(118) Skipping mandatory platform policies because no policy file was found at: /etc/opt/chrome/policies/managed
[0216/120514.020872:INFO:policy_logger.cc(144)] :components/policy/core/common/config_dir_policy_loader.cc(118) Skipping recommended platform policies because no policy file was found at: /etc/opt/chrome/policies/recommended
[0216/120514.050336:WARNING:bluez_dbus_manager.cc(248)] Floss manager not present, cannot set Floss enable/disable.
[0216/120514.410477:INFO:CONSOLE(0)] "Error with Permissions-Policy header: Unrecognized feature: 'ambient-light-sensor'.", source:  (0)
[0216/120514.410570:INFO:CONSOLE(0)] "Error with Permissions-Policy header: Unrecognized feature: 'bluetooth'.", source:  (0)
[0216/122014.053658:INFO:policy_logger.cc(144)] :components/policy/core/common/config_dir_policy_loader.cc(118) Skipping mandatory platform policies because no policy file was found at: /etc/opt/chrome/policies/managed
[0216/122014.053883:INFO:policy_logger.cc(144)] :components/policy/core/common/config_dir_policy_loader.cc(118) Skipping recommended platform policies because no policy file was found at: /etc/opt/chrome/policies/recommended
[0216/123514.149582:INFO:policy_logger.cc(144)] :components/policy/core/common/config_dir_policy_loader.cc(118) Skipping mandatory platform policies because no policy file was found at: /etc/opt/chrome/policies/managed
[0216/123514.149764:INFO:policy_logger.cc(144)] :components/policy/core/common/config_dir_policy_loader.cc(118) Skipping recommended platform policies because no policy file was found at: /etc/opt/chrome/policies/recommended
[0216/125014.181554:INFO:policy_logger.cc(144)] :components/policy/core/common/config_dir_policy_loader.cc(118) Skipping mandatory platform policies because no policy file was found at: /etc/opt/chrome/policies/managed
[0216/125014.181698:INFO:policy_logger.cc(144)] :components/policy/core/common/config_dir_policy_loader.cc(118) Skipping recommended platform policies because no policy file was found at: /etc/opt/chrome/policies/recommended
[0216/130514.267385:INFO:policy_logger.cc(144)] :components/policy/core/common/config_dir_policy_loader.cc(118) Skipping mandatory platform policies because no policy file was found at: /etc/opt/chrome/policies/managed
[0216/130514.267577:INFO:policy_logger.cc(144)] :components/policy/core/common/config_dir_policy_loader.cc(118) Skipping recommended platform policies because no policy file was found at: /etc/opt/chrome/policies/recommended
[0216/132014.331992:INFO:policy_logger.cc(144)] :components/policy/core/common/config_dir_policy_loader.cc(118) Skipping mandatory platform policies because no policy file was found at: /etc/opt/chrome/policies/managed
[0216/132014.332244:INFO:policy_logger.cc(144)] :components/policy/core/common/config_dir_policy_loader.cc(118) Skipping recommended platform policies because no policy file was found at: /etc/opt/chrome/policies/recommended
[0216/133514.345624:INFO:policy_logger.cc(144)] :components/policy/core/common/config_dir_policy_loader.cc(118) Skipping mandatory platform policies because no policy file was found at: /etc/opt/chrome/policies/managed
[0216/133514.345809:INFO:policy_logger.cc(144)] :components/policy/core/common/config_dir_policy_loader.cc(118) Skipping recommended platform policies because no policy file was found at: /etc/opt/chrome/policies/recommended
[0216/135014.444274:INFO:policy_logger.cc(144)] :components/policy/core/common/config_dir_policy_loader.cc(118) Skipping mandatory platform policies because no policy file was found at: /etc/opt/chrome/policies/managed
[0216/135014.444386:INFO:policy_logger.cc(144)] :components/policy/core/common/config_dir_policy_loader.cc(118) Skipping recommended platform policies because no policy file was found at: /etc/opt/chrome/policies/recommended
[0216/140514.542377:INFO:policy_logger.cc(144)] :components/policy/core/common/config_dir_policy_loader.cc(118) Skipping mandatory platform policies because no policy file was found at: /etc/opt/chrome/policies/managed
[0216/140514.542571:INFO:policy_logger.cc(144)] :components/policy/core/common/config_dir_policy_loader.cc(118) Skipping recommended platform policies because no policy file was found at: /etc/opt/chrome/policies/recommended
[0216/142014.561959:INFO:policy_logger.cc(144)] :components/policy/core/common/config_dir_policy_loader.cc(118) Skipping mandatory platform policies because no policy file was found at: /etc/opt/chrome/policies/managed
[0216/142014.562132:INFO:policy_logger.cc(144)] :components/policy/core/common/config_dir_policy_loader.cc(118) Skipping recommended platform policies because no policy file was found at: /etc/opt/chrome/policies/recommended
[0216/143514.581622:INFO:policy_logger.cc(144)] :components/policy/core/common/config_dir_policy_loader.cc(118) Skipping mandatory platform policies because no policy file was found at: /etc/opt/chrome/policies/managed
[0216/143514.581846:INFO:policy_logger.cc(144)] :components/policy/core/common/config_dir_policy_loader.cc(118) Skipping recommended platform policies because no policy file was found at: /etc/opt/chrome/policies/recommended
[0216/145014.648132:INFO:policy_logger.cc(144)] :components/policy/core/common/config_dir_policy_loader.cc(118) Skipping mandatory platform policies because no policy file was found at: /etc/opt/chrome/policies/managed
[0216/145014.648303:INFO:policy_logger.cc(144)] :components/policy/core/common/config_dir_policy_loader.cc(118) Skipping recommended platform policies because no policy file was found at: /etc/opt/chrome/policies/recommended
[0216/150514.706312:INFO:policy_logger.cc(144)] :components/policy/core/common/config_dir_policy_loader.cc(118) Skipping mandatory platform policies because no policy file was found at: /etc/opt/chrome/policies/managed
[0216/150514.706489:INFO:policy_logger.cc(144)] :components/policy/core/common/config_dir_policy_loader.cc(118) Skipping recommended platform policies because no policy file was found at: /etc/opt/chrome/policies/recommended
[0216/152014.801607:INFO:policy_logger.cc(144)] :components/policy/core/common/config_dir_policy_loader.cc(118) Skipping mandatory platform policies because no policy file was found at: /etc/opt/chrome/policies/managed
[0216/152014.801808:INFO:policy_logger.cc(144)] :components/policy/core/common/config_dir_policy_loader.cc(118) Skipping recommended platform policies because no policy file was found at: /etc/opt/chrome/policies/recommended
[0216/153514.856688:INFO:policy_logger.cc(144)] :components/policy/core/common/config_dir_policy_loader.cc(118) Skipping mandatory platform policies because no policy file was found at: /etc/opt/chrome/policies/managed
[0216/153514.856958:INFO:policy_logger.cc(144)] :components/policy/core/common/config_dir_policy_loader.cc(118) Skipping recommended platform policies because no policy file was found at: /etc/opt/chrome/policies/recommended
[0216/155014.869141:INFO:policy_logger.cc(144)] :components/policy/core/common/config_dir_policy_loader.cc(118) Skipping mandatory platform policies because no policy file was found at: /etc/opt/chrome/policies/managed
[0216/155014.869388:INFO:policy_logger.cc(144)] :components/policy/core/common/config_dir_policy_loader.cc(118) Skipping recommended platform policies because no policy file was found at: /etc/opt/chrome/policies/recommended
[0216/160514.960811:INFO:policy_logger.cc(144)] :components/policy/core/common/config_dir_policy_loader.cc(118) Skipping mandatory platform policies because no policy file was found at: /etc/opt/chrome/policies/managed
[0216/160514.961062:INFO:policy_logger.cc(144)] :components/policy/core/common/config_dir_policy_loader.cc(118) Skipping recommended platform policies because no policy file was found at: /etc/opt/chrome/policies/recommended
[0216/162014.997148:INFO:policy_logger.cc(144)] :components/policy/core/common/config_dir_policy_loader.cc(118) Skipping mandatory platform policies because no policy file was found at: /etc/opt/chrome/policies/managed
[0216/162014.997418:INFO:policy_logger.cc(144)] :components/policy/core/common/config_dir_policy_loader.cc(118) Skipping recommended platform policies because no policy file was found at: /etc/opt/chrome/policies/recommended
[0216/163515.096707:INFO:policy_logger.cc(144)] :components/policy/core/common/config_dir_policy_loader.cc(118) Skipping mandatory platform policies because no policy file was found at: /etc/opt/chrome/policies/managed
[0216/163515.096910:INFO:policy_logger.cc(144)] :components/policy/core/common/config_dir_policy_loader.cc(118) Skipping recommended platform policies because no policy file was found at: /etc/opt/chrome/policies/recommended
[0216/165015.179967:INFO:policy_logger.cc(144)] :components/policy/core/common/config_dir_policy_loader.cc(118) Skipping mandatory platform policies because no policy file was found at: /etc/opt/chrome/policies/managed
[0216/165015.180249:INFO:policy_logger.cc(144)] :components/policy/core/common/config_dir_policy_loader.cc(118) Skipping recommended platform policies because no policy file was found at: /etc/opt/chrome/policies/recommended
