[2024-02-17 17:01:23 +0000] [4155] [INFO] Starting gunicorn 21.2.0
[2024-02-17 17:01:23 +0000] [4155] [INFO] Listening at: http://192.168.1.116:8000 (4155)
[2024-02-17 17:01:23 +0000] [4155] [INFO] Using worker: sync
[2024-02-17 17:01:23 +0000] [4156] [INFO] Booting worker with pid: 4156
[2024-02-17 17:01:58 +0000] [4155] [INFO] Handling signal: hup
[2024-02-17 17:01:58 +0000] [4155] [INFO] Hang up: Master
[2024-02-17 17:01:58 +0000] [4155] [ERROR] Worker (pid:4156) was sent SIGHUP!
[2024-02-17 17:01:58 +0000] [4155] [INFO] Handling signal: hup
[2024-02-17 17:01:58 +0000] [4155] [INFO] Hang up: Master
[2024-02-17 17:01:58 +0000] [4160] [INFO] Booting worker with pid: 4160
[2024-02-17 17:01:58 +0000] [4161] [INFO] Booting worker with pid: 4161
[2024-02-17 17:01:59 +0000] [4160] [INFO] Worker exiting (pid: 4160)
[2024-02-17 17:01:59 +0000] [4155] [ERROR] Worker (pid:4160) was sent SIGTERM!
[2024-02-18 15:21:17 +0000] [4161] [WARNING] Invalid request from ip=185.170.144.3: Invalid HTTP request line: '\x03\x00\x00/*à\x00\x00\x00\x00\x00Cookie: mstshash=Administr'
[2024-02-18 20:11:31 +0000] [4155] [CRITICAL] WORKER TIMEOUT (pid:4161)
[2024-02-18 20:11:31 +0000] [4161] [INFO] Worker exiting (pid: 4161)
[2024-02-18 20:11:32 +0000] [4155] [ERROR] Worker (pid:4161) exited with code 1
[2024-02-18 20:11:32 +0000] [4155] [ERROR] Worker (pid:4161) exited with code 1.
[2024-02-18 20:11:32 +0000] [7522] [INFO] Booting worker with pid: 7522
[2024-02-20 19:43:29 +0000] [7522] [WARNING] Invalid request from ip=80.66.88.204: Invalid HTTP request line: '\x03\x00\x00/*à\x00\x00\x00\x00\x00Cookie: mstshash=Administr'
[2024-02-20 22:07:47 +0000] [7522] [WARNING] Invalid request from ip=185.122.204.179: Invalid HTTP request line: '\x03\x00\x00/*à\x00\x00\x00\x00\x00Cookie: mstshash=Administr'
[2024-02-21 08:47:52 +0000] [7522] [WARNING] Invalid request from ip=185.122.204.179: Invalid HTTP request line: '\x03\x00\x00/*à\x00\x00\x00\x00\x00Cookie: mstshash=Administr'
[2024-03-09 18:23:08 +0000] [36632] [INFO] Starting gunicorn 21.2.0
[2024-03-09 18:23:08 +0000] [36632] [ERROR] Connection in use: ('192.168.1.116', 8000)
[2024-03-09 18:23:08 +0000] [36632] [ERROR] Retrying in 1 second.
[2024-03-09 18:23:09 +0000] [36632] [ERROR] Connection in use: ('192.168.1.116', 8000)
[2024-03-09 18:23:09 +0000] [36632] [ERROR] Retrying in 1 second.
[2024-03-09 18:23:10 +0000] [36632] [ERROR] Connection in use: ('192.168.1.116', 8000)
[2024-03-09 18:23:10 +0000] [36632] [ERROR] Retrying in 1 second.
[2024-03-09 18:23:11 +0000] [36632] [ERROR] Connection in use: ('192.168.1.116', 8000)
[2024-03-09 18:23:11 +0000] [36632] [ERROR] Retrying in 1 second.
[2024-03-09 18:23:12 +0000] [36632] [ERROR] Connection in use: ('192.168.1.116', 8000)
[2024-03-09 18:23:12 +0000] [36632] [ERROR] Retrying in 1 second.
[2024-03-09 18:23:13 +0000] [36632] [ERROR] Can't connect to ('192.168.1.116', 8000)
[2024-03-09 18:23:54 +0000] [36638] [INFO] Starting gunicorn 21.2.0
[2024-03-09 18:23:54 +0000] [36638] [ERROR] Connection in use: ('192.168.1.116', 8000)
[2024-03-09 18:23:54 +0000] [36638] [ERROR] Retrying in 1 second.
[2024-03-09 18:23:55 +0000] [36638] [ERROR] Connection in use: ('192.168.1.116', 8000)
[2024-03-09 18:23:55 +0000] [36638] [ERROR] Retrying in 1 second.
[2024-03-09 18:23:56 +0000] [36638] [ERROR] Connection in use: ('192.168.1.116', 8000)
[2024-03-09 18:23:56 +0000] [36638] [ERROR] Retrying in 1 second.
[2024-03-09 18:23:57 +0000] [36638] [ERROR] Connection in use: ('192.168.1.116', 8000)
[2024-03-09 18:23:57 +0000] [36638] [ERROR] Retrying in 1 second.
[2024-03-09 18:23:58 +0000] [36638] [ERROR] Connection in use: ('192.168.1.116', 8000)
[2024-03-09 18:23:58 +0000] [36638] [ERROR] Retrying in 1 second.
[2024-03-09 18:23:59 +0000] [36638] [ERROR] Can't connect to ('192.168.1.116', 8000)
[2024-03-09 18:25:28 +0000] [36649] [INFO] Starting gunicorn 21.2.0
[2024-03-09 18:25:28 +0000] [36649] [INFO] Listening at: http://192.168.1.116:8000 (36649)
[2024-03-09 18:25:28 +0000] [36649] [INFO] Using worker: sync
[2024-03-09 18:25:28 +0000] [36650] [INFO] Booting worker with pid: 36650
[2024-03-09 18:55:32 +0000] [36649] [INFO] Handling signal: winch
[2024-03-09 20:19:43 +0000] [36649] [CRITICAL] WORKER TIMEOUT (pid:36650)
[2024-03-09 20:19:43 +0000] [36650] [INFO] Worker exiting (pid: 36650)
[2024-03-09 20:19:43 +0000] [36649] [ERROR] Worker (pid:36650) exited with code 1
[2024-03-09 20:19:43 +0000] [36649] [ERROR] Worker (pid:36650) exited with code 1.
[2024-03-09 20:19:43 +0000] [47443] [INFO] Booting worker with pid: 47443
[2024-03-10 07:47:08 +0000] [47443] [WARNING] Invalid request from ip=80.66.88.215: Invalid HTTP request line: '\x03\x00\x00/*à\x00\x00\x00\x00\x00Cookie: mstshash=Administr'
[2024-03-10 15:52:44 +0000] [47443] [INFO] Worker exiting (pid: 47443)
[2024-03-10 15:52:44 +0000] [69411] [INFO] Booting worker with pid: 69411
[2024-03-10 15:52:59 +0000] [36649] [INFO] Handling signal: term
[2024-03-10 15:52:59 +0000] [69411] [INFO] Worker exiting (pid: 69411)
[2024-03-10 15:53:00 +0000] [36649] [INFO] Shutting down: Master
[2024-03-10 15:53:17 +0000] [69421] [INFO] Starting gunicorn 21.2.0
[2024-03-10 15:53:17 +0000] [69421] [INFO] Listening at: http://192.168.1.116:8000 (69421)
[2024-03-10 15:53:17 +0000] [69421] [INFO] Using worker: sync
[2024-03-10 15:53:17 +0000] [69422] [INFO] Booting worker with pid: 69422
[2024-03-10 15:59:08 +0000] [69421] [INFO] Handling signal: int
[2024-03-10 15:59:08 +0000] [69422] [INFO] Worker exiting (pid: 69422)
[2024-03-10 15:59:09 +0000] [69421] [INFO] Shutting down: Master
[2024-03-10 15:59:25 +0000] [69710] [INFO] Starting gunicorn 21.2.0
[2024-03-10 15:59:25 +0000] [69710] [INFO] Listening at: http://192.168.1.116:8000 (69710)
[2024-03-10 15:59:25 +0000] [69710] [INFO] Using worker: sync
[2024-03-10 15:59:25 +0000] [69711] [INFO] Booting worker with pid: 69711
/home/squarey/Desktop/serving/station_checks/flask_app/map.py:50: UserWarning: color argument of Icon should be one of: {'darkgreen', 'lightred', 'lightgray', 'cadetblue', 'beige', 'darkblue', 'darkpurple', 'black', 'purple', 'orange', 'pink', 'blue', 'white', 'lightgreen', 'red', 'darkred', 'green', 'lightblue', 'gray'}.
  station_icon = folium.Icon(icon="flash", color = f"{colour}")
/home/squarey/Desktop/serving/station_checks/flask_app/map.py:52: UserWarning: color argument of Icon should be one of: {'darkgreen', 'lightred', 'lightgray', 'cadetblue', 'beige', 'darkblue', 'darkpurple', 'black', 'purple', 'orange', 'pink', 'blue', 'white', 'lightgreen', 'red', 'darkred', 'green', 'lightblue', 'gray'}.
  station_icon = folium.Icon(icon="asterisk",color = f"{colour}")
[2024-03-10 15:59:56 +0000] [69710] [INFO] Handling signal: int
[2024-03-10 15:59:56 +0000] [69711] [INFO] Worker exiting (pid: 69711)
[2024-03-10 15:59:56 +0000] [69710] [INFO] Shutting down: Master
[2024-03-10 16:00:21 +0000] [69872] [INFO] Starting gunicorn 21.2.0
[2024-03-10 16:00:21 +0000] [69872] [INFO] Listening at: http://192.168.1.116:8000 (69872)
[2024-03-10 16:00:21 +0000] [69872] [INFO] Using worker: sync
[2024-03-10 16:00:21 +0000] [69873] [INFO] Booting worker with pid: 69873
/home/squarey/Desktop/serving/station_checks/flask_app/map.py:50: UserWarning: color argument of Icon should be one of: {'orange', 'red', 'white', 'darkpurple', 'lightgreen', 'beige', 'darkgreen', 'green', 'lightblue', 'darkblue', 'gray', 'lightred', 'lightgray', 'pink', 'black', 'purple', 'darkred', 'blue', 'cadetblue'}.
  station_icon = folium.Icon(icon="flash", color = f"{colour}")
/home/squarey/Desktop/serving/station_checks/flask_app/map.py:52: UserWarning: color argument of Icon should be one of: {'orange', 'red', 'white', 'darkpurple', 'lightgreen', 'beige', 'darkgreen', 'green', 'lightblue', 'darkblue', 'gray', 'lightred', 'lightgray', 'pink', 'black', 'purple', 'darkred', 'blue', 'cadetblue'}.
  station_icon = folium.Icon(icon="asterisk",color = f"{colour}")
[2024-03-10 16:01:50 +0000] [69872] [INFO] Handling signal: int
[2024-03-10 16:01:50 +0000] [69873] [INFO] Worker exiting (pid: 69873)
[2024-03-10 16:01:50 +0000] [69872] [INFO] Shutting down: Master
[2024-03-10 16:01:52 +0000] [69905] [INFO] Starting gunicorn 21.2.0
[2024-03-10 16:01:52 +0000] [69905] [INFO] Listening at: http://192.168.1.116:8000 (69905)
[2024-03-10 16:01:52 +0000] [69905] [INFO] Using worker: sync
[2024-03-10 16:01:52 +0000] [69906] [INFO] Booting worker with pid: 69906
[2024-03-10 16:02:14 +0000] [69905] [INFO] Handling signal: int
[2024-03-10 16:02:15 +0000] [69906] [INFO] Worker exiting (pid: 69906)
[2024-03-10 16:02:15 +0000] [69905] [INFO] Shutting down: Master
[2024-03-10 16:02:46 +0000] [69943] [INFO] Starting gunicorn 21.2.0
[2024-03-10 16:02:46 +0000] [69943] [INFO] Listening at: http://192.168.1.116:8000 (69943)
[2024-03-10 16:02:46 +0000] [69943] [INFO] Using worker: sync
[2024-03-10 16:02:46 +0000] [69944] [INFO] Booting worker with pid: 69944
[2024-03-10 16:18:23 +0000] [69943] [INFO] Handling signal: int
[2024-03-10 16:18:23 +0000] [69944] [INFO] Worker exiting (pid: 69944)
[2024-03-10 16:18:23 +0000] [69943] [INFO] Shutting down: Master
[2024-03-10 16:18:38 +0000] [70517] [INFO] Starting gunicorn 21.2.0
[2024-03-10 16:18:38 +0000] [70517] [INFO] Listening at: http://192.168.1.116:8000 (70517)
[2024-03-10 16:18:38 +0000] [70517] [INFO] Using worker: sync
[2024-03-10 16:18:38 +0000] [70518] [INFO] Booting worker with pid: 70518
[2024-03-11 08:34:57 +0000] [70517] [INFO] Handling signal: int
[2024-03-11 08:34:58 +0000] [70518] [INFO] Worker exiting (pid: 70518)
[2024-03-11 08:34:58 +0000] [70517] [INFO] Shutting down: Master
[2024-03-11 08:35:00 +0000] [100537] [INFO] Starting gunicorn 21.2.0
[2024-03-11 08:35:00 +0000] [100537] [INFO] Listening at: http://192.168.1.116:8000 (100537)
[2024-03-11 08:35:00 +0000] [100537] [INFO] Using worker: sync
[2024-03-11 08:35:00 +0000] [100538] [INFO] Booting worker with pid: 100538
[2024-03-11 12:28:34 +0000] [100537] [CRITICAL] WORKER TIMEOUT (pid:100538)
[2024-03-11 12:28:34 +0000] [100538] [INFO] Worker exiting (pid: 100538)
[2024-03-11 12:28:34 +0000] [100537] [ERROR] Worker (pid:100538) exited with code 1
[2024-03-11 12:28:34 +0000] [100537] [ERROR] Worker (pid:100538) exited with code 1.
[2024-03-11 12:28:34 +0000] [108102] [INFO] Booting worker with pid: 108102
[2024-03-11 13:19:06 +0000] [100537] [INFO] Handling signal: winch
[2024-03-11 13:19:08 +0000] [100537] [INFO] Handling signal: int
[2024-03-11 13:19:08 +0000] [108102] [INFO] Worker exiting (pid: 108102)
[2024-03-11 13:19:08 +0000] [100537] [INFO] Shutting down: Master
[2024-03-11 13:19:11 +0000] [109515] [INFO] Starting gunicorn 21.2.0
[2024-03-11 13:19:11 +0000] [109515] [INFO] Listening at: http://192.168.1.116:8000 (109515)
[2024-03-11 13:19:11 +0000] [109515] [INFO] Using worker: sync
[2024-03-11 13:19:11 +0000] [109516] [INFO] Booting worker with pid: 109516
[2024-03-11 13:29:59 +0000] [109515] [CRITICAL] WORKER TIMEOUT (pid:109516)
[2024-03-11 13:29:59 +0000] [109516] [INFO] Worker exiting (pid: 109516)
[2024-03-11 13:29:59 +0000] [109515] [ERROR] Worker (pid:109516) exited with code 1
[2024-03-11 13:29:59 +0000] [109515] [ERROR] Worker (pid:109516) exited with code 1.
[2024-03-11 13:29:59 +0000] [109901] [INFO] Booting worker with pid: 109901
[2024-03-11 13:52:45 +0000] [109515] [CRITICAL] WORKER TIMEOUT (pid:109901)
[2024-03-11 13:52:45 +0000] [109901] [INFO] Worker exiting (pid: 109901)
[2024-03-11 13:52:45 +0000] [109515] [ERROR] Worker (pid:109901) exited with code 1
[2024-03-11 13:52:45 +0000] [109515] [ERROR] Worker (pid:109901) exited with code 1.
[2024-03-11 13:52:45 +0000] [112632] [INFO] Booting worker with pid: 112632
[2024-03-11 13:53:16 +0000] [109515] [CRITICAL] WORKER TIMEOUT (pid:112632)
[2024-03-11 13:53:16 +0000] [112632] [INFO] Worker exiting (pid: 112632)
[2024-03-11 13:53:17 +0000] [109515] [ERROR] Worker (pid:112632) exited with code 1
[2024-03-11 13:53:17 +0000] [109515] [ERROR] Worker (pid:112632) exited with code 1.
[2024-03-11 13:53:17 +0000] [112636] [INFO] Booting worker with pid: 112636
[2024-03-11 14:01:34 +0000] [109515] [CRITICAL] WORKER TIMEOUT (pid:112636)
[2024-03-11 14:01:34 +0000] [112636] [INFO] Worker exiting (pid: 112636)
[2024-03-11 14:01:34 +0000] [109515] [ERROR] Worker (pid:112636) exited with code 1
[2024-03-11 14:01:34 +0000] [109515] [ERROR] Worker (pid:112636) exited with code 1.
[2024-03-11 14:01:34 +0000] [112760] [INFO] Booting worker with pid: 112760
[2024-03-11 14:06:18 +0000] [109515] [CRITICAL] WORKER TIMEOUT (pid:112760)
[2024-03-11 14:06:18 +0000] [112760] [INFO] Worker exiting (pid: 112760)
[2024-03-11 14:06:18 +0000] [109515] [ERROR] Worker (pid:112760) exited with code 1
[2024-03-11 14:06:18 +0000] [109515] [ERROR] Worker (pid:112760) exited with code 1.
[2024-03-11 14:06:18 +0000] [112821] [INFO] Booting worker with pid: 112821
[2024-03-11 14:06:49 +0000] [109515] [CRITICAL] WORKER TIMEOUT (pid:112821)
[2024-03-11 14:06:49 +0000] [112821] [INFO] Worker exiting (pid: 112821)
[2024-03-11 14:06:49 +0000] [109515] [ERROR] Worker (pid:112821) exited with code 1
[2024-03-11 14:06:49 +0000] [109515] [ERROR] Worker (pid:112821) exited with code 1.
[2024-03-11 14:06:49 +0000] [112825] [INFO] Booting worker with pid: 112825
[2024-03-11 22:58:14 +0000] [109515] [INFO] Handling signal: winch
[2024-03-12 07:44:35 +0000] [109515] [CRITICAL] WORKER TIMEOUT (pid:112825)
[2024-03-12 07:44:35 +0000] [112825] [INFO] Worker exiting (pid: 112825)
[2024-03-12 07:44:36 +0000] [109515] [ERROR] Worker (pid:112825) exited with code 1
[2024-03-12 07:44:36 +0000] [109515] [ERROR] Worker (pid:112825) exited with code 1.
[2024-03-12 07:44:36 +0000] [129242] [INFO] Booting worker with pid: 129242
[2024-03-12 22:38:04 +0000] [109515] [INFO] Handling signal: winch
[2024-03-12 22:38:13 +0000] [109515] [INFO] Handling signal: int
[2024-03-12 22:38:13 +0000] [129242] [INFO] Worker exiting (pid: 129242)
[2024-03-12 22:38:13 +0000] [109515] [INFO] Shutting down: Master
[2024-03-12 22:38:20 +0000] [159379] [INFO] Starting gunicorn 21.2.0
[2024-03-12 22:38:20 +0000] [159379] [INFO] Listening at: http://192.168.1.116:8000 (159379)
[2024-03-12 22:38:20 +0000] [159379] [INFO] Using worker: sync
[2024-03-12 22:38:20 +0000] [159380] [INFO] Booting worker with pid: 159380
[2024-03-12 22:38:52 +0000] [159379] [INFO] Handling signal: hup
[2024-03-12 22:38:52 +0000] [159379] [INFO] Hang up: Master
[2024-03-12 22:38:52 +0000] [159379] [ERROR] Worker (pid:159380) was sent SIGHUP!
[2024-03-12 22:38:52 +0000] [159405] [INFO] Booting worker with pid: 159405
[2024-03-13 09:11:18 +0000] [4311] [INFO] Starting gunicorn 21.2.0
[2024-03-13 09:11:18 +0000] [4311] [INFO] Listening at: http://192.168.1.116:8000 (4311)
[2024-03-13 09:11:18 +0000] [4311] [INFO] Using worker: sync
[2024-03-13 09:11:18 +0000] [4312] [INFO] Booting worker with pid: 4312
[2024-03-14 04:37:06 +0000] [4312] [WARNING] Invalid request from ip=152.32.151.121: Invalid HTTP request line: ''
[2024-03-14 22:33:41 +0000] [4311] [CRITICAL] WORKER TIMEOUT (pid:4312)
[2024-03-14 22:33:41 +0000] [4312] [INFO] Worker exiting (pid: 4312)
[2024-03-14 22:33:41 +0000] [4311] [ERROR] Worker (pid:4312) exited with code 1
[2024-03-14 22:33:41 +0000] [4311] [ERROR] Worker (pid:4312) exited with code 1.
[2024-03-14 22:33:41 +0000] [68661] [INFO] Booting worker with pid: 68661
