station checks found - initiating update
IN THE SCRAPE FUNCTION NOW
not found, scrolling up
not found, scrolling up
not found, scrolling up
not found, scrolling up
not found, scrolling up
not found, scrolling up
not found, scrolling up
not found, scrolling up
not found, scrolling up
not found, scrolling up
not found, scrolling up
not found, scrolling up
not found, scrolling up
not found, scrolling up
scrolling up complete
 try statement passed, scrolling done, initiating scrape
the date is: 2024-03-10
station code is: 8467
the date is: 2024-03-10
station code is: 8482
the date is: 2024-03-10
station code is: 8466
the date is: 2024-03-10
station code is: 8447
the date is: 2024-03-10
station code is: 8431
the date is: 2024-03-10
station code is: 8231
the date is: 2024-03-10
station code is: None
the date is: 2024-03-11
station code is: 8314
the date is: 2024-03-11
station code is: 8233
the date is: 2024-03-11
station code is: 8203
the date is: 2024-03-11
station code is: 8311
the date is: 2024-03-12
station code is: 8314
the date is: 2024-03-12
station code is: 8441
the date is: 2024-03-12
station code is: None
the date is: 2024-03-12
station code is: None
the date is: 2024-03-12
station code is: None
the date is: 2024-03-12
station code is: 8469
the date is: 2024-03-12
station code is: None
the date is: 2024-03-12
station code is: None
the date is: 2024-03-12
station code is: None
the date is: 2024-03-12
station code is: None
the date is: 2024-03-12
station code is: 8426
the date is: 2024-03-12
station code is: 8444
the date is: 2024-03-12
station code is: 8208
the date is: 2024-03-12
station code is: 8209
the date is: 2024-03-12
station code is: 8443
the date is: 2024-03-13
station code is: 8314
the date is: 2024-03-13
station code is: 8419
the date is: 2024-03-13
station code is: 8427
the date is: 2024-03-13
station code is: 8213
the date is: 2024-03-13
station code is: 8214
the date is: 2024-03-13
station code is: 8427
the date is: 2024-03-13
station code is: 8464
the date is: 2024-03-13
station code is: 8442
the date is: 2024-03-13
station code is: 8406
the date is: 2024-03-13
station code is: 8412
the date is: 2024-03-13
station code is: 8428
the date is: 2024-03-13
station code is: 8433
the date is: 2024-03-13
station code is: 8417
the date is: 2024-03-13
station code is: 8435
the date is: 2024-03-14
station code is: 8216
the date is: 2024-03-14
station code is: 8410
the date is: 2024-03-14
station code is: None
the date is: 2024-03-14
station code is: 8203
the date is: 2024-03-14
station code is: 8411
the date is: 2024-03-14
station code is: None
the date is: 2024-03-14
station code is: None
the date is: 2024-03-14
station code is: None
the date is: 2024-03-14
station code is: 8447
the date is: 2024-03-14
station code is: 8740
the date is: 2024-03-14
station code is: None
the date is: 2024-03-14
station code is: 8430
the date is: 2024-03-14
station code is: 8448
the date is: 2024-03-14
station code is: 8206
the date is: 2024-03-14
station code is: 8444
the date is: 2024-03-14
station code is: 8443
the date is: 2024-03-14
station code is: 8315
the date is: 2024-03-14
station code is: 8452
the date is: 2024-03-14
station code is: 8415
the date is: 2024-03-14
station code is: None
station last checked updated
update complete - exiting
